[2024-06-04 17:22:30,039] {taskinstance.py:1159} INFO - Dependencies all met for <TaskInstance: primeiro_dag.cria_pasta scheduled__2024-06-02T00:00:00+00:00 [queued]>
[2024-06-04 17:22:30,043] {taskinstance.py:1159} INFO - Dependencies all met for <TaskInstance: primeiro_dag.cria_pasta scheduled__2024-06-02T00:00:00+00:00 [queued]>
[2024-06-04 17:22:30,043] {taskinstance.py:1356} INFO - 
--------------------------------------------------------------------------------
[2024-06-04 17:22:30,043] {taskinstance.py:1357} INFO - Starting attempt 1 of 1
[2024-06-04 17:22:30,043] {taskinstance.py:1358} INFO - 
--------------------------------------------------------------------------------
[2024-06-04 17:22:30,054] {taskinstance.py:1377} INFO - Executing <Task(BashOperator): cria_pasta> on 2024-06-02 00:00:00+00:00
[2024-06-04 17:22:30,055] {standard_task_runner.py:52} INFO - Started process 138581 to run task
[2024-06-04 17:22:30,057] {standard_task_runner.py:79} INFO - Running: ['airflow', 'tasks', 'run', 'primeiro_dag', 'cria_pasta', 'scheduled__2024-06-02T00:00:00+00:00', '--job-id', '12', '--raw', '--subdir', 'DAGS_FOLDER/dag_test.py', '--cfg-path', '/tmp/tmpvh27wm66', '--error-file', '/tmp/tmph1qpl25_']
[2024-06-04 17:22:30,057] {standard_task_runner.py:80} INFO - Job 12: Subtask cria_pasta
[2024-06-04 17:22:30,085] {task_command.py:370} INFO - Running <TaskInstance: primeiro_dag.cria_pasta scheduled__2024-06-02T00:00:00+00:00 [running]> on host DESKTOP-BCO05O3.
[2024-06-04 17:22:30,118] {taskinstance.py:1569} INFO - Exporting the following env vars:
AIRFLOW_CTX_DAG_OWNER=airflow
AIRFLOW_CTX_DAG_ID=primeiro_dag
AIRFLOW_CTX_TASK_ID=cria_pasta
AIRFLOW_CTX_EXECUTION_DATE=2024-06-02T00:00:00+00:00
AIRFLOW_CTX_TRY_NUMBER=1
AIRFLOW_CTX_DAG_RUN_ID=scheduled__2024-06-02T00:00:00+00:00
[2024-06-04 17:22:30,119] {subprocess.py:62} INFO - Tmp dir root location: 
 /tmp
[2024-06-04 17:22:30,119] {subprocess.py:74} INFO - Running command: ['bash', '-c', 'mkdir -p "/home/bpcampos/Ubuntu/airflow-test/pasta=2024-06-03T00:00:00+00:00"']
[2024-06-04 17:22:30,122] {subprocess.py:85} INFO - Output:
[2024-06-04 17:22:30,124] {subprocess.py:96} INFO - Command exited with return code 0
[2024-06-04 17:22:30,139] {taskinstance.py:1395} INFO - Marking task as SUCCESS. dag_id=primeiro_dag, task_id=cria_pasta, execution_date=20240602T000000, start_date=20240604T202230, end_date=20240604T202230
[2024-06-04 17:22:30,189] {local_task_job.py:156} INFO - Task exited with return code 0
[2024-06-04 17:22:30,198] {local_task_job.py:273} INFO - 0 downstream tasks scheduled from follow-on schedule check
