[2024-06-04 19:35:36,170] {taskinstance.py:1159} INFO - Dependencies all met for <TaskInstance: dados_climaticos.cria_pasta scheduled__2024-05-27T00:00:00+00:00 [queued]>
[2024-06-04 19:35:36,173] {taskinstance.py:1159} INFO - Dependencies all met for <TaskInstance: dados_climaticos.cria_pasta scheduled__2024-05-27T00:00:00+00:00 [queued]>
[2024-06-04 19:35:36,173] {taskinstance.py:1356} INFO - 
--------------------------------------------------------------------------------
[2024-06-04 19:35:36,173] {taskinstance.py:1357} INFO - Starting attempt 1 of 1
[2024-06-04 19:35:36,173] {taskinstance.py:1358} INFO - 
--------------------------------------------------------------------------------
[2024-06-04 19:35:36,185] {taskinstance.py:1377} INFO - Executing <Task(BashOperator): cria_pasta> on 2024-05-27 00:00:00+00:00
[2024-06-04 19:35:36,188] {standard_task_runner.py:52} INFO - Started process 202344 to run task
[2024-06-04 19:35:36,190] {standard_task_runner.py:79} INFO - Running: ['airflow', 'tasks', 'run', 'dados_climaticos', 'cria_pasta', 'scheduled__2024-05-27T00:00:00+00:00', '--job-id', '20', '--raw', '--subdir', 'DAGS_FOLDER/weather_data.py', '--cfg-path', '/tmp/tmp343puk2t', '--error-file', '/tmp/tmp0d5bp_ap']
[2024-06-04 19:35:36,190] {standard_task_runner.py:80} INFO - Job 20: Subtask cria_pasta
[2024-06-04 19:35:36,218] {task_command.py:370} INFO - Running <TaskInstance: dados_climaticos.cria_pasta scheduled__2024-05-27T00:00:00+00:00 [running]> on host DESKTOP-BCO05O3.
[2024-06-04 19:35:36,254] {taskinstance.py:1569} INFO - Exporting the following env vars:
AIRFLOW_CTX_DAG_OWNER=airflow
AIRFLOW_CTX_DAG_ID=dados_climaticos
AIRFLOW_CTX_TASK_ID=cria_pasta
AIRFLOW_CTX_EXECUTION_DATE=2024-05-27T00:00:00+00:00
AIRFLOW_CTX_TRY_NUMBER=1
AIRFLOW_CTX_DAG_RUN_ID=scheduled__2024-05-27T00:00:00+00:00
[2024-06-04 19:35:36,255] {subprocess.py:62} INFO - Tmp dir root location: 
 /tmp
[2024-06-04 19:35:36,255] {subprocess.py:74} INFO - Running command: ['bash', '-c', 'mkdir -p "/home/bpcampos/Ubuntu/airflow-test/semana=2024-06-03"']
[2024-06-04 19:35:36,260] {subprocess.py:85} INFO - Output:
[2024-06-04 19:35:36,264] {subprocess.py:96} INFO - Command exited with return code 0
[2024-06-04 19:35:36,279] {taskinstance.py:1395} INFO - Marking task as SUCCESS. dag_id=dados_climaticos, task_id=cria_pasta, execution_date=20240527T000000, start_date=20240604T223536, end_date=20240604T223536
[2024-06-04 19:35:36,322] {local_task_job.py:156} INFO - Task exited with return code 0
[2024-06-04 19:35:36,339] {local_task_job.py:273} INFO - 1 downstream tasks scheduled from follow-on schedule check
