[2024-06-04 15:41:41,592] {taskinstance.py:1159} INFO - Dependencies all met for <TaskInstance: primeiro_dag.cria_pasta scheduled__2024-06-03T00:00:00+00:00 [queued]>
[2024-06-04 15:41:41,596] {taskinstance.py:1159} INFO - Dependencies all met for <TaskInstance: primeiro_dag.cria_pasta scheduled__2024-06-03T00:00:00+00:00 [queued]>
[2024-06-04 15:41:41,596] {taskinstance.py:1356} INFO - 
--------------------------------------------------------------------------------
[2024-06-04 15:41:41,596] {taskinstance.py:1357} INFO - Starting attempt 1 of 1
[2024-06-04 15:41:41,596] {taskinstance.py:1358} INFO - 
--------------------------------------------------------------------------------
[2024-06-04 15:41:41,607] {taskinstance.py:1377} INFO - Executing <Task(BashOperator): cria_pasta> on 2024-06-03 00:00:00+00:00
[2024-06-04 15:41:41,609] {standard_task_runner.py:52} INFO - Started process 85830 to run task
[2024-06-04 15:41:41,611] {standard_task_runner.py:79} INFO - Running: ['airflow', 'tasks', 'run', 'primeiro_dag', 'cria_pasta', 'scheduled__2024-06-03T00:00:00+00:00', '--job-id', '9', '--raw', '--subdir', 'DAGS_FOLDER/dag_test.py', '--cfg-path', '/tmp/tmp4ra5_aqz', '--error-file', '/tmp/tmpcahvklry']
[2024-06-04 15:41:41,611] {standard_task_runner.py:80} INFO - Job 9: Subtask cria_pasta
[2024-06-04 15:41:41,661] {task_command.py:370} INFO - Running <TaskInstance: primeiro_dag.cria_pasta scheduled__2024-06-03T00:00:00+00:00 [running]> on host DESKTOP-BCO05O3.
[2024-06-04 15:41:41,696] {taskinstance.py:1569} INFO - Exporting the following env vars:
AIRFLOW_CTX_DAG_OWNER=airflow
AIRFLOW_CTX_DAG_ID=primeiro_dag
AIRFLOW_CTX_TASK_ID=cria_pasta
AIRFLOW_CTX_EXECUTION_DATE=2024-06-03T00:00:00+00:00
AIRFLOW_CTX_TRY_NUMBER=1
AIRFLOW_CTX_DAG_RUN_ID=scheduled__2024-06-03T00:00:00+00:00
[2024-06-04 15:41:41,697] {subprocess.py:62} INFO - Tmp dir root location: 
 /tmp
[2024-06-04 15:41:41,698] {subprocess.py:74} INFO - Running command: ['bash', '-c', 'mkdir -p "/home/bpcampos/Ubuntu/airflow-test/pasta"']
[2024-06-04 15:41:41,701] {subprocess.py:85} INFO - Output:
[2024-06-04 15:41:41,704] {subprocess.py:96} INFO - Command exited with return code 0
[2024-06-04 15:41:41,720] {taskinstance.py:1395} INFO - Marking task as SUCCESS. dag_id=primeiro_dag, task_id=cria_pasta, execution_date=20240603T000000, start_date=20240604T184141, end_date=20240604T184141
[2024-06-04 15:41:41,743] {local_task_job.py:156} INFO - Task exited with return code 0
[2024-06-04 15:41:41,752] {local_task_job.py:273} INFO - 0 downstream tasks scheduled from follow-on schedule check
[2024-06-04 17:22:31,103] {taskinstance.py:1159} INFO - Dependencies all met for <TaskInstance: primeiro_dag.cria_pasta scheduled__2024-06-03T00:00:00+00:00 [queued]>
[2024-06-04 17:22:31,107] {taskinstance.py:1159} INFO - Dependencies all met for <TaskInstance: primeiro_dag.cria_pasta scheduled__2024-06-03T00:00:00+00:00 [queued]>
[2024-06-04 17:22:31,107] {taskinstance.py:1356} INFO - 
--------------------------------------------------------------------------------
[2024-06-04 17:22:31,107] {taskinstance.py:1357} INFO - Starting attempt 1 of 1
[2024-06-04 17:22:31,107] {taskinstance.py:1358} INFO - 
--------------------------------------------------------------------------------
[2024-06-04 17:22:31,119] {taskinstance.py:1377} INFO - Executing <Task(BashOperator): cria_pasta> on 2024-06-03 00:00:00+00:00
[2024-06-04 17:22:31,120] {standard_task_runner.py:52} INFO - Started process 138596 to run task
[2024-06-04 17:22:31,122] {standard_task_runner.py:79} INFO - Running: ['airflow', 'tasks', 'run', 'primeiro_dag', 'cria_pasta', 'scheduled__2024-06-03T00:00:00+00:00', '--job-id', '13', '--raw', '--subdir', 'DAGS_FOLDER/dag_test.py', '--cfg-path', '/tmp/tmpq4gjm40w', '--error-file', '/tmp/tmpv9b3cvpg']
[2024-06-04 17:22:31,122] {standard_task_runner.py:80} INFO - Job 13: Subtask cria_pasta
[2024-06-04 17:22:31,149] {task_command.py:370} INFO - Running <TaskInstance: primeiro_dag.cria_pasta scheduled__2024-06-03T00:00:00+00:00 [running]> on host DESKTOP-BCO05O3.
[2024-06-04 17:22:31,183] {taskinstance.py:1569} INFO - Exporting the following env vars:
AIRFLOW_CTX_DAG_OWNER=airflow
AIRFLOW_CTX_DAG_ID=primeiro_dag
AIRFLOW_CTX_TASK_ID=cria_pasta
AIRFLOW_CTX_EXECUTION_DATE=2024-06-03T00:00:00+00:00
AIRFLOW_CTX_TRY_NUMBER=1
AIRFLOW_CTX_DAG_RUN_ID=scheduled__2024-06-03T00:00:00+00:00
[2024-06-04 17:22:31,183] {subprocess.py:62} INFO - Tmp dir root location: 
 /tmp
[2024-06-04 17:22:31,184] {subprocess.py:74} INFO - Running command: ['bash', '-c', 'mkdir -p "/home/bpcampos/Ubuntu/airflow-test/pasta=2024-06-04T00:00:00+00:00"']
[2024-06-04 17:22:31,186] {subprocess.py:85} INFO - Output:
[2024-06-04 17:22:31,188] {subprocess.py:96} INFO - Command exited with return code 0
[2024-06-04 17:22:31,203] {taskinstance.py:1395} INFO - Marking task as SUCCESS. dag_id=primeiro_dag, task_id=cria_pasta, execution_date=20240603T000000, start_date=20240604T202231, end_date=20240604T202231
[2024-06-04 17:22:31,214] {local_task_job.py:156} INFO - Task exited with return code 0
[2024-06-04 17:22:31,222] {local_task_job.py:273} INFO - 0 downstream tasks scheduled from follow-on schedule check
