[2024-06-04 12:02:49,044] {taskinstance.py:1159} INFO - Dependencies all met for <TaskInstance: example_branch_operator.branching scheduled__2024-06-03T00:00:00+00:00 [queued]>
[2024-06-04 12:02:49,047] {taskinstance.py:1159} INFO - Dependencies all met for <TaskInstance: example_branch_operator.branching scheduled__2024-06-03T00:00:00+00:00 [queued]>
[2024-06-04 12:02:49,047] {taskinstance.py:1356} INFO - 
--------------------------------------------------------------------------------
[2024-06-04 12:02:49,047] {taskinstance.py:1357} INFO - Starting attempt 1 of 1
[2024-06-04 12:02:49,047] {taskinstance.py:1358} INFO - 
--------------------------------------------------------------------------------
[2024-06-04 12:02:49,059] {taskinstance.py:1377} INFO - Executing <Task(BranchPythonOperator): branching> on 2024-06-03 00:00:00+00:00
[2024-06-04 12:02:49,060] {standard_task_runner.py:52} INFO - Started process 7654 to run task
[2024-06-04 12:02:49,062] {standard_task_runner.py:79} INFO - Running: ['airflow', 'tasks', 'run', 'example_branch_operator', 'branching', 'scheduled__2024-06-03T00:00:00+00:00', '--job-id', '5', '--raw', '--subdir', '/home/bpcampos/Ubuntu/airflow-test/venv/lib/python3.10/site-packages/airflow/example_dags/example_branch_operator.py', '--cfg-path', '/tmp/tmp4cemntm_', '--error-file', '/tmp/tmplotpdav2']
[2024-06-04 12:02:49,062] {standard_task_runner.py:80} INFO - Job 5: Subtask branching
[2024-06-04 12:02:49,087] {task_command.py:370} INFO - Running <TaskInstance: example_branch_operator.branching scheduled__2024-06-03T00:00:00+00:00 [running]> on host DESKTOP-BCO05O3.
[2024-06-04 12:02:49,118] {taskinstance.py:1569} INFO - Exporting the following env vars:
AIRFLOW_CTX_DAG_OWNER=airflow
AIRFLOW_CTX_DAG_ID=example_branch_operator
AIRFLOW_CTX_TASK_ID=branching
AIRFLOW_CTX_EXECUTION_DATE=2024-06-03T00:00:00+00:00
AIRFLOW_CTX_TRY_NUMBER=1
AIRFLOW_CTX_DAG_RUN_ID=scheduled__2024-06-03T00:00:00+00:00
[2024-06-04 12:02:49,119] {python.py:173} INFO - Done. Returned value was: branch_b
[2024-06-04 12:02:49,119] {skipmixin.py:140} INFO - Following branch branch_b
[2024-06-04 12:02:49,119] {skipmixin.py:175} INFO - Skipping tasks ['branch_a', 'branch_d', 'branch_c']
[2024-06-04 12:02:49,147] {taskinstance.py:1395} INFO - Marking task as SUCCESS. dag_id=example_branch_operator, task_id=branching, execution_date=20240603T000000, start_date=20240604T150249, end_date=20240604T150249
[2024-06-04 12:02:49,193] {local_task_job.py:156} INFO - Task exited with return code 0
[2024-06-04 12:02:49,216] {local_task_job.py:273} INFO - 1 downstream tasks scheduled from follow-on schedule check
